<?xml version="1.0" encoding="UTF-8"?>
<!-- Generated by org.testng.reporters.JUnitXMLReporter -->
<testsuite ignored="0" hostname="DESKTOP-BR99C0F" failures="0" tests="3" name="Default test" time="20.148" errors="0" timestamp="2024-02-19T18:59:47 IST">
  <testcase classname="com.OrangeHRM.LeaveMenu" name="loginFunctionalityTest" time="4.653"/>
  <testcase classname="com.OrangeHRM.LeaveMenu" name="orangeHRMLeave" time="2.29"/>
  <testcase classname="com.OrangeHRM.LeaveMenu" name="selectMonth" time="3.866"/>
</testsuite> <!-- Default test -->
