<?xml version="1.0" encoding="UTF-8"?>
<testng-results ignored="0" total="3" passed="3" failed="0" skipped="0">
  <reporter-output>
  </reporter-output>
  <suite started-at="2024-02-19T18:59:26 IST" name="Default suite" finished-at="2024-02-19T18:59:46 IST" duration-ms="20148">
    <groups>
    </groups>
    <test started-at="2024-02-19T18:59:26 IST" name="Default test" finished-at="2024-02-19T18:59:46 IST" duration-ms="20148">
      <class name="com.OrangeHRM.LeaveMenu">
        <test-method is-config="true" signature="applicationSetUp()[pri:0, instance:com.OrangeHRM.LeaveMenu@1530c739]" started-at="2024-02-19T18:59:26 IST" name="applicationSetUp" finished-at="2024-02-19T18:59:35 IST" duration-ms="8550" status="PASS">
          <reporter-output>
          </reporter-output>
        </test-method> <!-- applicationSetUp -->
        <test-method signature="loginFunctionalityTest()[pri:0, instance:com.OrangeHRM.LeaveMenu@1530c739]" started-at="2024-02-19T18:59:35 IST" name="loginFunctionalityTest" finished-at="2024-02-19T18:59:40 IST" duration-ms="4653" status="PASS">
          <reporter-output>
          </reporter-output>
        </test-method> <!-- loginFunctionalityTest -->
        <test-method signature="orangeHRMLeave()[pri:0, instance:com.OrangeHRM.LeaveMenu@1530c739]" started-at="2024-02-19T18:59:40 IST" name="orangeHRMLeave" finished-at="2024-02-19T18:59:42 IST" duration-ms="2290" status="PASS">
          <reporter-output>
          </reporter-output>
        </test-method> <!-- orangeHRMLeave -->
        <test-method signature="selectMonth()[pri:0, instance:com.OrangeHRM.LeaveMenu@1530c739]" started-at="2024-02-19T18:59:42 IST" name="selectMonth" finished-at="2024-02-19T18:59:46 IST" duration-ms="3866" status="PASS">
          <reporter-output>
          </reporter-output>
        </test-method> <!-- selectMonth -->
        <test-method is-config="true" signature="tearDown()[pri:0, instance:com.OrangeHRM.LeaveMenu@1530c739]" started-at="2024-02-19T18:59:46 IST" name="tearDown" finished-at="2024-02-19T18:59:46 IST" duration-ms="629" status="PASS">
          <reporter-output>
          </reporter-output>
        </test-method> <!-- tearDown -->
      </class> <!-- com.OrangeHRM.LeaveMenu -->
    </test> <!-- Default test -->
  </suite> <!-- Default suite -->
</testng-results>
